timestamp,sensorId,kalmanMs,differentiatorMs,dspPipelineMs,totalMs
2026-01-14T10:01:38.607Z,010-20081219114010,0.177,0.005,0.087,0.272
2026-01-14T10:01:50.550Z,010-20081219114010,0.156,0.004,0.070,0.231
2026-01-14T10:02:03.387Z,010-20081219114010,0.168,0.004,0.075,0.248
2026-01-14T10:02:17.115Z,010-20081219114010,0.197,0.004,0.105,0.308
2026-01-14T10:02:29.070Z,010-20081219114010,0.206,0.005,0.107,0.319
2026-01-14T10:02:42.708Z,010-20081219114010,0.199,0.005,0.104,0.309
2026-01-14T10:02:55.064Z,010-20081219114010,0.214,0.005,0.094,0.314
2026-01-14T10:03:07.041Z,010-20081219114010,0.212,0.005,0.113,0.330
2026-01-14T10:03:20.014Z,010-20081219114010,0.173,0.004,0.085,0.264
2026-01-14T10:03:34.225Z,010-20081219114010,0.212,0.005,0.090,0.308
2026-01-14T10:03:46.971Z,010-20081219114010,0.180,0.004,0.092,0.277
2026-01-14T10:03:59.726Z,010-20081219114010,0.179,0.004,0.080,0.264
2026-01-14T10:04:13.586Z,010-20081219114010,0.204,0.004,0.080,0.289
2026-01-14T10:04:26.530Z,010-20081219114010,0.173,0.004,0.084,0.263
2026-01-14T10:04:38.508Z,010-20081219114010,0.189,0.005,0.084,0.279
2026-01-14T10:04:50.462Z,010-20081219114010,0.156,0.004,0.069,0.230
2026-01-14T10:05:02.431Z,010-20081219114010,0.163,0.004,0.074,0.243
2026-01-14T10:05:14.393Z,010-20081219114010,0.189,0.005,0.085,0.280
2026-01-14T10:05:27.258Z,010-20081219114010,0.188,0.005,0.088,0.283
2026-01-14T10:05:39.205Z,010-20081219114010,0.191,0.005,0.092,0.290
2026-01-14T10:05:52.548Z,010-20081219114010,0.185,0.005,0.087,0.278
2026-01-14T10:06:05.406Z,010-20081219114010,0.175,0.005,0.080,0.261
2026-01-14T10:06:17.381Z,010-20081219114010,0.197,0.005,0.084,0.287
2026-01-14T10:06:30.287Z,010-20081219114010,0.197,0.005,0.089,0.292
2026-01-14T10:06:45.150Z,010-20081219114010,0.166,0.004,0.075,0.247
2026-01-14T10:06:58.006Z,010-20081219114010,0.200,0.001,0.092,0.294
2026-01-14T10:07:14.955Z,010-20081219114010,0.174,0.001,0.081,0.257
2026-01-14T10:07:27.109Z,010-20081219114010,0.166,0.001,0.075,0.242
2026-01-14T10:07:40.064Z,010-20081219114010,0.167,0.001,0.078,0.247
2026-01-14T10:07:53.255Z,010-20081219114010,0.165,0.001,0.075,0.242
2026-01-14T10:08:06.167Z,010-20081219114010,0.165,0.001,0.076,0.242
2026-01-14T10:08:18.172Z,010-20081219114010,0.162,0.001,0.075,0.238
2026-01-14T10:08:30.174Z,010-20081219114010,0.168,0.001,0.073,0.242
2026-01-14T10:08:42.222Z,010-20081219114010,0.169,0.001,0.078,0.248
2026-01-14T10:08:54.239Z,010-20081219114010,0.161,0.001,0.074,0.236
2026-01-14T10:09:06.270Z,010-20081219114010,0.167,0.001,0.078,0.246
2026-01-14T10:09:19.292Z,010-20081219114010,0.167,0.001,0.080,0.248
2026-01-14T10:09:31.337Z,010-20081219114010,0.186,0.001,0.091,0.279
2026-01-14T10:09:43.357Z,010-20081219114010,0.178,0.001,0.085,0.265
2026-01-14T10:09:55.374Z,010-20081219114010,0.164,0.001,0.075,0.241
2026-01-14T10:10:07.472Z,010-20081219114010,0.191,0.001,0.089,0.281
2026-01-14T10:10:19.502Z,010-20081219114010,0.170,0.001,0.074,0.246
2026-01-14T10:10:31.613Z,010-20081219114010,0.165,0.001,0.072,0.239
2026-01-14T10:10:43.610Z,010-20081219114010,0.168,0.001,0.075,0.245
2026-01-14T10:10:55.586Z,010-20081219114010,0.161,0.001,0.072,0.235
2026-01-14T10:11:07.551Z,010-20081219114010,0.164,0.001,0.072,0.238
2026-01-14T10:11:19.531Z,010-20081219114010,0.159,0.001,0.072,0.233
2026-01-14T10:11:31.544Z,010-20081219114010,0.176,0.001,0.092,0.270
2026-01-14T10:11:43.580Z,010-20081219114010,0.161,0.001,0.072,0.234
2026-01-14T10:11:55.591Z,010-20081219114010,0.165,0.001,0.076,0.244
2026-01-14T10:12:07.633Z,010-20081219114010,0.167,0.001,0.075,0.244
2026-01-14T10:12:19.781Z,010-20081219114010,0.162,0.001,0.075,0.239
2026-01-14T10:12:31.854Z,010-20081219114010,0.166,0.001,0.075,0.243
2026-01-14T10:12:43.901Z,010-20081219114010,0.166,0.001,0.074,0.241
2026-01-14T10:12:55.966Z,010-20081219114010,0.164,0.001,0.076,0.241
2026-01-14T10:13:08.002Z,010-20081219114010,0.166,0.001,0.073,0.241
2026-01-14T10:13:20.052Z,010-20081219114010,0.160,0.001,0.071,0.232
2026-01-14T10:13:32.128Z,010-20081219114010,0.169,0.001,0.081,0.252
2026-01-14T10:13:44.158Z,010-20081219114010,0.180,0.001,0.074,0.256
2026-01-14T10:13:56.214Z,010-20081219114010,0.163,0.001,0.072,0.237
2026-01-14T10:14:08.343Z,010-20081219114010,0.169,0.001,0.075,0.245
2026-01-14T10:14:20.381Z,010-20081219114010,0.163,0.001,0.072,0.236
2026-01-14T10:14:32.436Z,010-20081219114010,0.172,0.001,0.075,0.250
2026-01-14T10:14:44.465Z,010-20081219114010,0.164,0.001,0.072,0.238
2026-01-14T10:14:56.498Z,010-20081219114010,0.163,0.001,0.072,0.237
2026-01-14T10:15:08.552Z,010-20081219114010,0.163,0.001,0.072,0.237
2026-01-14T10:15:20.588Z,010-20081219114010,0.163,0.001,0.071,0.236
2026-01-14T10:15:32.682Z,010-20081219114010,0.176,0.001,0.077,0.255
2026-01-14T10:15:44.761Z,010-20081219114010,0.164,0.001,0.074,0.240
2026-01-14T10:15:56.916Z,010-20081219114010,0.166,0.001,0.073,0.241
2026-01-14T10:16:08.972Z,010-20081219114010,0.168,0.001,0.074,0.244
2026-01-14T10:16:21.008Z,010-20081219114010,0.160,0.001,0.070,0.232
2026-01-14T10:16:33.084Z,010-20081219114010,0.169,0.001,0.075,0.245
2026-01-14T10:16:45.156Z,010-20081219114010,0.162,0.001,0.071,0.235
2026-01-14T10:16:57.209Z,010-20081219114010,0.160,0.001,0.071,0.232
2026-01-14T10:17:09.270Z,010-20081219114010,0.164,0.001,0.073,0.239
2026-01-14T10:17:21.325Z,010-20081219114010,0.162,0.001,0.072,0.236
2026-01-14T10:17:33.391Z,010-20081219114010,0.168,0.001,0.074,0.244
2026-01-14T10:17:45.542Z,010-20081219114010,0.164,0.001,0.071,0.236
2026-01-14T10:17:57.624Z,010-20081219114010,0.168,0.001,0.073,0.243
2026-01-14T10:18:09.668Z,010-20081219114010,0.164,0.001,0.072,0.238
2026-01-14T10:18:21.716Z,010-20081219114010,0.160,0.001,0.070,0.231
2026-01-14T10:18:33.782Z,010-20081219114010,0.166,0.001,0.075,0.242
2026-01-14T10:18:45.861Z,010-20081219114010,0.160,0.001,0.071,0.232
2026-01-14T10:18:57.905Z,010-20081219114010,0.169,0.001,0.073,0.244
2026-01-14T10:19:09.950Z,010-20081219114010,0.165,0.001,0.072,0.239
2026-01-14T10:19:22.015Z,010-20081219114010,0.157,0.001,0.070,0.229
2026-01-14T10:19:34.175Z,010-20081219114010,0.170,0.001,0.074,0.246
2026-01-14T10:19:46.213Z,010-20081219114010,0.162,0.001,0.071,0.235
2026-01-14T10:19:58.252Z,010-20081219114010,0.162,0.001,0.073,0.237
2026-01-14T10:20:10.286Z,010-20081219114010,0.181,0.001,0.075,0.257
2026-01-14T10:20:22.329Z,010-20081219114010,0.162,0.001,0.071,0.235
2026-01-14T10:20:34.391Z,010-20081219114010,0.170,0.001,0.076,0.248
2026-01-14T10:20:46.440Z,010-20081219114010,0.163,0.001,0.072,0.236
2026-01-14T10:20:58.493Z,010-20081219114010,0.165,0.001,0.072,0.239
2026-01-14T10:21:10.744Z,010-20081219114010,0.165,0.001,0.075,0.242
2026-01-14T10:21:22.781Z,010-20081219114010,0.163,0.001,0.071,0.237
2026-01-14T10:21:34.866Z,010-20081219114010,0.179,0.001,0.080,0.261
2026-01-14T10:21:46.994Z,010-20081219114010,0.166,0.001,0.073,0.241
2026-01-14T10:21:59.110Z,010-20081219114010,0.167,0.001,0.075,0.243
2026-01-14T10:22:11.191Z,010-20081219114010,0.169,0.001,0.078,0.249
2026-01-14T10:22:23.989Z,010-20081219114010,0.169,0.001,0.075,0.246
2026-01-14T10:22:36.054Z,010-20081219114010,0.174,0.001,0.078,0.254
2026-01-14T10:22:48.086Z,010-20081219114010,0.163,0.001,0.072,0.237
2026-01-14T10:23:00.141Z,010-20081219114010,0.166,0.001,0.073,0.241
2026-01-14T10:23:12.184Z,010-20081219114010,0.163,0.001,0.092,0.257
2026-01-14T10:23:24.338Z,010-20081219114010,0.166,0.001,0.077,0.244
2026-01-14T10:23:36.409Z,010-20081219114010,0.171,0.001,0.075,0.248
2026-01-14T10:23:48.648Z,010-20081219114010,0.165,0.001,0.073,0.239
2026-01-14T10:24:00.671Z,010-20081219114010,0.168,0.001,0.074,0.244
2026-01-14T10:24:12.694Z,010-20081219114010,0.166,0.001,0.074,0.242
2026-01-14T10:24:24.743Z,010-20081219114010,0.165,0.001,0.073,0.240
2026-01-14T10:24:36.821Z,010-20081219114010,0.167,0.001,0.075,0.244
2026-01-14T10:24:48.970Z,010-20081219114010,0.162,0.001,0.071,0.234
2026-01-14T10:25:01.012Z,010-20081219114010,0.161,0.001,0.072,0.234
2026-01-14T10:25:13.053Z,010-20081219114010,0.164,0.001,0.077,0.242
2026-01-14T10:25:25.084Z,010-20081219114010,0.165,0.001,0.072,0.238
2026-01-14T10:25:37.149Z,010-20081219114010,0.172,0.001,0.075,0.249
2026-01-14T10:25:49.178Z,010-20081219114010,0.164,0.001,0.072,0.237
2026-01-14T10:26:01.226Z,010-20081219114010,0.161,0.001,0.072,0.235
2026-01-14T10:26:13.268Z,010-20081219114010,0.163,0.001,0.075,0.240
2026-01-14T10:26:25.304Z,010-20081219114010,0.163,0.001,0.074,0.239
2026-01-14T10:26:37.476Z,010-20081219114010,0.172,0.001,0.079,0.252
2026-01-14T10:26:49.524Z,010-20081219114010,0.166,0.001,0.072,0.240
2026-01-14T10:27:01.600Z,010-20081219114010,0.163,0.001,0.072,0.237
2026-01-14T10:27:13.633Z,010-20081219114010,0.160,0.001,0.071,0.233
2026-01-14T10:27:25.670Z,010-20081219114010,0.180,0.001,0.084,0.266
2026-01-14T10:27:37.681Z,010-20081219114010,0.176,0.001,0.078,0.256
2026-01-14T10:27:49.663Z,010-20081219114010,0.175,0.001,0.076,0.253
2026-01-14T10:28:01.661Z,010-20081219114010,0.161,0.001,0.072,0.235
2026-01-14T10:28:13.617Z,010-20081219114010,0.159,0.001,0.071,0.231
2026-01-14T10:28:25.709Z,010-20081219114010,0.162,0.001,0.075,0.239
2026-01-14T10:28:37.707Z,010-20081219114010,0.163,0.001,0.073,0.237
2026-01-14T10:28:49.686Z,010-20081219114010,0.161,0.001,0.073,0.235
2026-01-14T10:29:01.665Z,010-20081219114010,0.170,0.001,0.076,0.248
2026-01-14T10:29:13.630Z,010-20081219114010,0.160,0.001,0.071,0.232
2026-01-14T10:29:25.615Z,010-20081219114010,0.160,0.001,0.071,0.233
2026-01-14T10:29:37.619Z,010-20081219114010,0.169,0.001,0.074,0.244
2026-01-14T10:29:49.584Z,010-20081219114010,0.159,0.001,0.070,0.231
2026-01-14T10:30:01.565Z,010-20081219114010,0.183,0.001,0.072,0.257
2026-01-14T10:30:13.641Z,010-20081219114010,0.155,0.001,0.070,0.226
2026-01-14T10:30:25.625Z,010-20081219114010,0.160,0.001,0.071,0.233
2026-01-14T10:30:37.651Z,010-20081219114010,0.166,0.001,0.073,0.241
2026-01-14T10:30:49.617Z,010-20081219114010,0.156,0.001,0.071,0.229
2026-01-14T10:31:01.605Z,010-20081219114010,0.165,0.001,0.074,0.240
2026-01-14T10:31:13.584Z,010-20081219114010,0.158,0.001,0.070,0.230
2026-01-14T10:31:25.573Z,010-20081219114010,0.159,0.001,0.072,0.232
2026-01-14T10:31:37.574Z,010-20081219114010,0.161,0.001,0.071,0.234
2026-01-14T10:31:49.546Z,010-20081219114010,0.158,0.001,0.070,0.230
2026-01-14T10:32:01.627Z,010-20081219114010,0.160,0.001,0.072,0.233
2026-01-14T10:32:13.614Z,010-20081219114010,0.161,0.001,0.071,0.233
2026-01-14T10:32:25.593Z,010-20081219114010,0.160,0.001,0.071,0.232
2026-01-14T10:32:37.604Z,010-20081219114010,0.166,0.001,0.073,0.240
2026-01-14T10:32:49.587Z,010-20081219114010,0.160,0.001,0.071,0.232
2026-01-14T10:33:01.572Z,010-20081219114010,0.158,0.001,0.071,0.231
2026-01-14T10:33:13.539Z,010-20081219114010,0.164,0.001,0.073,0.239
2026-01-14T10:33:25.533Z,010-20081219114010,0.160,0.001,0.070,0.232
2026-01-14T10:33:37.522Z,010-20081219114010,0.163,0.001,0.073,0.237
2026-01-14T10:33:49.582Z,010-20081219114010,0.161,0.001,0.071,0.234
2026-01-14T10:34:01.584Z,010-20081219114010,0.162,0.001,0.073,0.237
2026-01-14T10:34:13.552Z,010-20081219114010,0.161,0.001,0.071,0.234
2026-01-14T10:34:25.556Z,010-20081219114010,0.166,0.001,0.074,0.242
2026-01-14T10:34:37.564Z,010-20081219114010,0.169,0.001,0.073,0.244
2026-01-14T10:34:49.559Z,010-20081219114010,0.158,0.001,0.071,0.231
2026-01-14T10:35:01.571Z,010-20081219114010,0.166,0.001,0.073,0.240
2026-01-14T10:35:13.528Z,010-20081219114010,0.162,0.001,0.070,0.233
2026-01-14T10:35:25.509Z,010-20081219114010,0.163,0.001,0.075,0.240
2026-01-14T10:35:37.622Z,010-20081219114010,0.168,0.001,0.076,0.246
2026-01-14T10:35:49.598Z,010-20081219114010,0.158,0.001,0.071,0.231
2026-01-14T10:36:01.584Z,010-20081219114010,0.165,0.001,0.074,0.241
2026-01-14T10:36:13.541Z,010-20081219114010,0.161,0.001,0.071,0.233
2026-01-14T10:36:25.534Z,010-20081219114010,0.158,0.001,0.070,0.230
2026-01-14T10:36:37.556Z,010-20081219114010,0.166,0.001,0.075,0.242
2026-01-14T10:36:49.535Z,010-20081219114010,0.162,0.001,0.076,0.240
2026-01-14T10:37:01.518Z,010-20081219114010,0.163,0.001,0.072,0.236
2026-01-14T10:37:13.487Z,010-20081219114010,0.165,0.001,0.072,0.239
2026-01-14T10:37:25.567Z,010-20081219114010,0.163,0.001,0.071,0.236
2026-01-14T10:37:37.591Z,010-20081219114010,0.165,0.001,0.075,0.242
2026-01-14T10:37:49.558Z,010-20081219114010,0.155,0.001,0.069,0.225
2026-01-14T10:38:01.575Z,010-20081219114010,0.161,0.001,0.072,0.234
2026-01-14T10:38:13.556Z,010-20081219114010,0.162,0.001,0.071,0.235
2026-01-14T10:38:25.542Z,010-20081219114010,0.162,0.001,0.073,0.236
2026-01-14T10:38:37.565Z,010-20081219114010,0.166,0.001,0.074,0.242
2026-01-14T10:38:49.542Z,010-20081219114010,0.164,0.001,0.074,0.240
2026-01-14T10:39:01.530Z,010-20081219114010,0.169,0.001,0.078,0.248
2026-01-14T10:39:13.617Z,010-20081219114010,0.156,0.001,0.070,0.227
2026-01-14T10:39:25.590Z,010-20081219114010,0.161,0.001,0.072,0.235
2026-01-14T10:39:37.592Z,010-20081219114010,0.164,0.001,0.072,0.238
2026-01-14T10:39:49.583Z,010-20081219114010,0.159,0.001,0.073,0.234
2026-01-14T10:40:01.645Z,010-20081219114010,0.186,0.001,0.085,0.272
2026-01-14T10:40:13.656Z,010-20081219114010,0.170,0.001,0.075,0.247
2026-01-14T10:40:25.643Z,010-20081219114010,0.163,0.001,0.072,0.236
2026-01-14T10:40:37.662Z,010-20081219114010,0.164,0.001,0.073,0.239
2026-01-14T10:40:49.627Z,010-20081219114010,0.160,0.001,0.072,0.233
2026-01-14T10:41:01.714Z,010-20081219114010,0.165,0.001,0.074,0.241
2026-01-14T10:41:13.707Z,010-20081219114010,0.156,0.001,0.071,0.228
2026-01-14T10:41:25.707Z,010-20081219114010,0.160,0.001,0.071,0.232
2026-01-14T10:41:37.721Z,010-20081219114010,0.162,0.001,0.072,0.236
2026-01-14T10:41:49.694Z,010-20081219114010,0.160,0.001,0.070,0.231
2026-01-14T10:42:01.715Z,010-20081219114010,0.163,0.001,0.073,0.238
2026-01-14T10:42:13.679Z,010-20081219114010,0.160,0.001,0.075,0.237
2026-01-14T10:42:25.655Z,010-20081219114010,0.162,0.001,0.071,0.235
2026-01-14T10:42:37.661Z,010-20081219114010,0.163,0.001,0.072,0.237
2026-01-14T10:42:49.726Z,010-20081219114010,0.161,0.001,0.072,0.235
2026-01-14T10:43:01.722Z,010-20081219114010,0.163,0.001,0.073,0.238
2026-01-14T10:43:13.695Z,010-20081219114010,0.158,0.001,0.070,0.230
2026-01-14T10:43:25.687Z,010-20081219114010,0.161,0.001,0.071,0.234
2026-01-14T10:43:37.681Z,010-20081219114010,0.164,0.001,0.073,0.239
2026-01-14T10:43:49.659Z,010-20081219114010,0.161,0.001,0.070,0.233
2026-01-14T10:44:01.665Z,010-20081219114010,0.165,0.001,0.074,0.241
2026-01-14T10:44:13.650Z,010-20081219114010,0.160,0.001,0.071,0.232
2026-01-14T10:44:25.643Z,010-20081219114010,0.167,0.001,0.074,0.243
2026-01-14T10:44:37.759Z,010-20081219114010,0.167,0.001,0.074,0.243
2026-01-14T10:44:49.733Z,010-20081219114010,0.161,0.001,0.071,0.233
2026-01-14T10:45:01.739Z,010-20081219114010,0.169,0.001,0.077,0.247
2026-01-14T10:45:13.724Z,010-20081219114010,0.161,0.001,0.070,0.233
2026-01-14T10:45:25.745Z,010-20081219114010,0.162,0.001,0.072,0.235
2026-01-14T10:45:37.754Z,010-20081219114010,0.164,0.001,0.073,0.239
2026-01-14T10:45:49.722Z,010-20081219114010,0.159,0.001,0.071,0.231
2026-01-14T10:46:01.725Z,010-20081219114010,0.166,0.001,0.075,0.243
2026-01-14T10:46:13.697Z,010-20081219114010,0.158,0.001,0.069,0.229
2026-01-14T10:46:25.757Z,010-20081219114010,0.162,0.001,0.073,0.236
2026-01-14T10:46:37.760Z,010-20081219114010,0.169,0.001,0.074,0.245
2026-01-14T10:46:49.754Z,010-20081219114010,0.159,0.001,0.070,0.231
2026-01-14T10:47:01.732Z,010-20081219114010,0.174,0.001,0.072,0.247
2026-01-14T10:47:13.705Z,010-20081219114010,0.162,0.001,0.071,0.234
2026-01-14T10:47:25.712Z,010-20081219114010,0.160,0.001,0.071,0.233
2026-01-14T10:47:37.727Z,010-20081219114010,0.168,0.001,0.079,0.249
2026-01-14T10:47:49.731Z,010-20081219114010,0.161,0.001,0.075,0.238
2026-01-14T10:48:01.742Z,010-20081219114010,0.165,0.001,0.078,0.244
2026-01-14T10:48:13.796Z,010-20081219114010,0.161,0.001,0.071,0.234
2026-01-14T10:48:25.782Z,010-20081219114010,0.159,0.001,0.073,0.234
2026-01-14T10:48:37.802Z,010-20081219114010,0.168,0.001,0.076,0.247
2026-01-14T10:48:49.816Z,010-20081219114010,0.172,0.001,0.093,0.267
2026-01-14T10:49:01.848Z,010-20081219114010,0.187,0.001,0.083,0.272
2026-01-14T10:49:13.899Z,010-20081219114010,0.191,0.001,0.085,0.278
2026-01-14T10:49:25.865Z,010-20081219114010,0.163,0.001,0.072,0.236
2026-01-14T10:49:37.875Z,010-20081219114010,0.171,0.001,0.077,0.250
2026-01-14T10:49:49.884Z,010-20081219114010,0.164,0.001,0.073,0.239
2026-01-14T10:50:01.994Z,010-20081219114010,0.191,0.001,0.098,0.291
2026-01-14T10:50:13.963Z,010-20081219114010,0.162,0.001,0.078,0.242
2026-01-14T10:50:25.947Z,010-20081219114010,0.164,0.001,0.074,0.240
2026-01-14T10:50:37.951Z,010-20081219114010,0.166,0.001,0.075,0.243
2026-01-14T10:50:49.937Z,010-20081219114010,0.165,0.001,0.072,0.240
2026-01-14T10:51:01.932Z,010-20081219114010,0.163,0.001,0.073,0.238
2026-01-14T10:51:13.923Z,010-20081219114010,0.160,0.001,0.076,0.238
2026-01-14T10:51:25.895Z,010-20081219114010,0.166,0.001,0.073,0.241
2026-01-14T10:51:37.905Z,010-20081219114010,0.168,0.001,0.077,0.247
2026-01-14T10:51:49.970Z,010-20081219114010,0.158,0.001,0.075,0.234
2026-01-14T10:52:01.997Z,010-20081219114010,0.164,0.001,0.077,0.243
2026-01-14T10:52:13.982Z,010-20081219114010,0.160,0.001,0.072,0.234
2026-01-14T10:52:25.973Z,010-20081219114010,0.162,0.001,0.071,0.235
2026-01-14T10:52:37.993Z,010-20081219114010,0.168,0.001,0.076,0.246
2026-01-14T10:52:49.974Z,010-20081219114010,0.160,0.001,0.074,0.235
2026-01-14T10:53:01.984Z,010-20081219114010,0.165,0.001,0.074,0.241
2026-01-14T10:53:13.954Z,010-20081219114010,0.158,0.001,0.070,0.229
2026-01-14T10:53:25.935Z,010-20081219114010,0.168,0.001,0.074,0.243
2026-01-14T10:53:38.047Z,010-20081219114010,0.173,0.001,0.077,0.252
2026-01-14T10:53:50.050Z,010-20081219114010,0.161,0.001,0.071,0.234
2026-01-14T10:54:03.157Z,010-20081219114010,0.168,0.001,0.075,0.245
2026-01-14T10:54:17.059Z,010-20081219114010,0.161,0.001,0.075,0.238
2026-01-14T10:54:30.432Z,010-20081219114010,0.163,0.001,0.072,0.236
2026-01-14T10:54:43.448Z,010-20081219114010,0.166,0.001,0.072,0.240
2026-01-14T10:54:55.454Z,010-20081219114010,0.165,0.001,0.074,0.240
2026-01-14T10:55:07.460Z,010-20081219114010,0.164,0.001,0.073,0.238
2026-01-14T10:55:19.497Z,010-20081219114010,0.161,0.001,0.071,0.234
2026-01-14T10:55:31.576Z,010-20081219114010,0.167,0.001,0.074,0.243
2026-01-14T10:55:43.594Z,010-20081219114010,0.163,0.001,0.077,0.242
2026-01-14T10:55:55.601Z,010-20081219114010,0.159,0.001,0.070,0.231
2026-01-14T10:56:07.583Z,010-20081219114010,0.164,0.001,0.074,0.240
2026-01-14T10:56:19.585Z,010-20081219114010,0.163,0.001,0.072,0.236
2026-01-14T10:56:31.605Z,010-20081219114010,0.166,0.001,0.074,0.243
2026-01-14T10:56:43.616Z,010-20081219114010,0.163,0.001,0.074,0.238
2026-01-14T10:56:55.611Z,010-20081219114010,0.160,0.001,0.072,0.233
2026-01-14T10:57:07.604Z,010-20081219114010,0.162,0.001,0.072,0.236
2026-01-14T10:57:19.675Z,010-20081219114010,0.159,0.001,0.071,0.232
2026-01-14T10:57:31.691Z,010-20081219114010,0.169,0.001,0.078,0.248
2026-01-14T10:57:43.694Z,010-20081219114010,0.164,0.001,0.072,0.238
2026-01-14T10:57:55.694Z,010-20081219114010,0.160,0.001,0.071,0.233
2026-01-14T10:58:07.694Z,010-20081219114010,0.164,0.001,0.072,0.237
2026-01-14T10:58:19.660Z,010-20081219114010,0.158,0.001,0.070,0.229
2026-01-14T10:58:31.666Z,010-20081219114010,0.164,0.001,0.073,0.238
2026-01-14T10:58:43.646Z,010-20081219114010,0.164,0.001,0.073,0.239
2026-01-14T10:58:55.639Z,010-20081219114010,0.160,0.001,0.076,0.238
2026-01-14T10:59:07.753Z,010-20081219114010,0.163,0.001,0.072,0.236
2026-01-14T10:59:19.711Z,010-20081219114010,0.158,0.001,0.070,0.230
2026-01-14T10:59:31.714Z,010-20081219114010,0.165,0.001,0.073,0.240
2026-01-14T10:59:43.720Z,010-20081219114010,0.166,0.001,0.076,0.243
2026-01-14T10:59:55.709Z,010-20081219114010,0.162,0.001,0.073,0.237
2026-01-14T11:00:07.691Z,010-20081219114010,0.165,0.001,0.075,0.241
2026-01-14T11:00:19.648Z,010-20081219114010,0.157,0.001,0.070,0.228
2026-01-14T11:00:31.675Z,010-20081219114010,0.167,0.001,0.076,0.244
2026-01-14T11:00:43.674Z,010-20081219114010,0.166,0.001,0.074,0.242
2026-01-14T11:00:55.745Z,010-20081219114010,0.165,0.001,0.071,0.238
2026-01-14T11:01:07.711Z,010-20081219114010,0.163,0.001,0.072,0.237
2026-01-14T11:01:19.695Z,010-20081219114010,0.162,0.001,0.072,0.236
2026-01-14T11:01:31.692Z,010-20081219114010,0.165,0.001,0.073,0.240
2026-01-14T11:01:43.670Z,010-20081219114010,0.166,0.001,0.073,0.240
2026-01-14T11:01:55.677Z,010-20081219114010,0.162,0.001,0.073,0.236
2026-01-14T11:02:07.662Z,010-20081219114010,0.162,0.001,0.073,0.236
2026-01-14T11:02:19.639Z,010-20081219114010,0.165,0.001,0.072,0.239
2026-01-14T11:02:31.652Z,010-20081219114010,0.167,0.001,0.073,0.242
2026-01-14T11:02:43.734Z,010-20081219114010,0.166,0.001,0.074,0.242
2026-01-14T11:02:55.722Z,010-20081219114010,0.163,0.001,0.072,0.237
2026-01-14T11:03:07.699Z,010-20081219114010,0.161,0.001,0.073,0.236
2026-01-14T11:03:19.669Z,010-20081219114010,0.161,0.001,0.072,0.235
2026-01-14T11:03:31.680Z,010-20081219114010,0.170,0.001,0.075,0.246
2026-01-14T11:03:43.693Z,010-20081219114010,0.170,0.001,0.074,0.245
2026-01-14T11:03:56.573Z,010-20081219114010,0.163,0.001,0.072,0.237
2026-01-14T11:04:09.491Z,010-20081219114010,0.164,0.001,0.073,0.239
2026-01-14T11:04:22.347Z,010-20081219114010,0.157,0.001,0.069,0.228
2026-01-14T11:04:34.386Z,010-20081219114010,0.166,0.001,0.073,0.240
2026-01-14T11:04:46.458Z,010-20081219114010,0.163,0.001,0.072,0.237
2026-01-14T11:04:58.511Z,010-20081219114010,0.167,0.001,0.075,0.245
2026-01-14T11:05:10.498Z,010-20081219114010,0.162,0.001,0.072,0.236
2026-01-14T11:05:22.492Z,010-20081219114010,0.164,0.001,0.072,0.238
2026-01-14T11:05:34.521Z,010-20081219114010,0.169,0.001,0.074,0.245
2026-01-14T11:05:46.506Z,010-20081219114010,0.162,0.001,0.071,0.234
2026-01-14T11:05:58.584Z,010-20081219114010,0.163,0.001,0.072,0.237
2026-01-14T11:06:10.573Z,010-20081219114010,0.165,0.001,0.077,0.244
2026-01-14T11:06:22.556Z,010-20081219114010,0.159,0.001,0.071,0.232
2026-01-14T11:06:34.658Z,010-20081219114010,0.173,0.001,0.080,0.255
2026-01-14T11:06:46.637Z,010-20081219114010,0.164,0.001,0.073,0.238
2026-01-14T11:06:58.619Z,010-20081219114010,0.158,0.001,0.070,0.230
2026-01-14T11:07:10.607Z,010-20081219114010,0.164,0.001,0.074,0.239
2026-01-14T11:07:22.610Z,010-20081219114010,0.165,0.001,0.074,0.240
2026-01-14T11:07:34.588Z,010-20081219114010,0.175,0.001,0.077,0.254
2026-01-14T11:07:46.538Z,010-20081219114010,0.161,0.001,0.070,0.233
2026-01-14T11:07:58.520Z,010-20081219114010,0.160,0.001,0.071,0.232
2026-01-14T11:08:10.561Z,010-20081219114010,0.178,0.001,0.081,0.261
2026-01-14T11:08:22.662Z,010-20081219114010,0.161,0.001,0.075,0.238
2026-01-14T11:08:34.670Z,010-20081219114010,0.174,0.001,0.078,0.254
2026-01-14T11:08:46.632Z,010-20081219114010,0.161,0.001,0.071,0.234
2026-01-14T11:08:58.609Z,010-20081219114010,0.165,0.001,0.072,0.239
2026-01-14T11:09:10.602Z,010-20081219114010,0.163,0.001,0.073,0.238
2026-01-14T11:09:22.550Z,010-20081219114010,0.159,0.001,0.071,0.231
2026-01-14T11:09:34.573Z,010-20081219114010,0.172,0.001,0.077,0.251
2026-01-14T11:09:46.536Z,010-20081219114010,0.159,0.001,0.071,0.233
2026-01-14T11:09:58.557Z,010-20081219114010,0.194,0.001,0.076,0.272
2026-01-14T11:10:10.658Z,010-20081219114010,0.180,0.001,0.081,0.262
2026-01-14T11:10:22.639Z,010-20081219114010,0.162,0.001,0.072,0.235
2026-01-14T11:10:34.665Z,010-20081219114010,0.170,0.001,0.076,0.248
2026-01-14T11:10:46.627Z,010-20081219114010,0.161,0.001,0.072,0.235
2026-01-14T11:10:58.596Z,010-20081219114010,0.164,0.001,0.072,0.237
2026-01-14T11:11:10.571Z,010-20081219114010,0.164,0.001,0.072,0.238
2026-01-14T11:11:22.547Z,010-20081219114010,0.159,0.001,0.071,0.232
2026-01-14T11:11:34.581Z,010-20081219114010,0.173,0.001,0.078,0.253
2026-01-14T11:11:46.564Z,010-20081219114010,0.163,0.001,0.072,0.237
2026-01-14T11:11:58.658Z,010-20081219114010,0.162,0.001,0.073,0.236
2026-01-14T11:12:10.658Z,010-20081219114010,0.175,0.001,0.078,0.254
2026-01-14T11:12:22.631Z,010-20081219114010,0.161,0.001,0.071,0.234
2026-01-14T11:12:34.712Z,010-20081219114010,0.174,0.001,0.078,0.254
2026-01-14T11:12:46.842Z,010-20081219114010,0.166,0.001,0.074,0.242
2026-01-14T11:12:58.994Z,010-20081219114010,0.168,0.001,0.075,0.244
2026-01-14T11:13:11.083Z,010-20081219114010,0.167,0.001,0.075,0.244
2026-01-14T11:13:23.086Z,010-20081219114010,0.165,0.001,0.078,0.245
2026-01-14T11:13:35.153Z,010-20081219114010,0.190,0.001,0.076,0.268
2026-01-14T11:13:47.319Z,010-20081219114010,0.162,0.001,0.072,0.236
2026-01-14T11:13:59.377Z,010-20081219114010,0.167,0.001,0.076,0.245
2026-01-14T11:14:11.431Z,010-20081219114010,0.164,0.001,0.075,0.241
2026-01-14T11:14:23.493Z,010-20081219114010,0.162,0.001,0.071,0.234
2026-01-14T11:14:35.573Z,010-20081219114010,0.172,0.001,0.078,0.252
2026-01-14T11:14:48.535Z,010-20081219114010,0.162,0.001,0.071,0.235
2026-01-14T11:15:00.609Z,010-20081219114010,0.164,0.001,0.073,0.238
2026-01-14T11:15:12.693Z,010-20081219114010,0.167,0.001,0.074,0.242
2026-01-14T11:15:26.050Z,010-20081219114010,0.165,0.001,0.077,0.244
2026-01-14T11:15:38.142Z,010-20081219114010,0.174,0.001,0.080,0.255
2026-01-14T11:15:50.201Z,010-20081219114010,0.167,0.001,0.073,0.242
2026-01-14T11:16:02.242Z,010-20081219114010,0.167,0.001,0.072,0.241
2026-01-14T11:16:14.404Z,010-20081219114010,0.164,0.001,0.074,0.240
2026-01-14T11:16:26.511Z,010-20081219114010,0.162,0.001,0.073,0.237
2026-01-14T11:16:38.893Z,010-20081219114010,0.170,0.001,0.076,0.248
2026-01-14T11:16:51.016Z,010-20081219114010,0.165,0.001,0.073,0.240
2026-01-14T11:17:04.033Z,010-20081219114010,0.177,0.001,0.079,0.258
2026-01-14T11:17:16.084Z,010-20081219114010,0.174,0.001,0.078,0.254
2026-01-14T11:17:28.127Z,010-20081219114010,0.165,0.001,0.073,0.240
2026-01-14T11:17:40.186Z,010-20081219114010,0.171,0.001,0.079,0.252
2026-01-14T11:17:52.196Z,010-20081219114010,0.163,0.001,0.073,0.238
2026-01-14T11:18:04.299Z,010-20081219114010,0.166,0.001,0.077,0.245
2026-01-14T11:18:16.403Z,010-20081219114010,0.167,0.001,0.073,0.242
2026-01-14T11:18:29.424Z,010-20081219114010,0.167,0.001,0.076,0.245
2026-01-14T11:18:41.459Z,010-20081219114010,0.171,0.001,0.081,0.254
2026-01-14T11:18:53.477Z,010-20081219114010,0.165,0.001,0.074,0.240
2026-01-14T11:19:06.480Z,010-20081219114010,0.168,0.001,0.075,0.245
2026-01-14T11:19:19.794Z,010-20081219114010,0.166,0.001,0.073,0.241
2026-01-14T11:19:32.737Z,010-20081219114010,0.172,0.001,0.077,0.251
2026-01-14T11:19:45.642Z,010-20081219114010,0.171,0.001,0.077,0.249
2026-01-14T11:19:57.633Z,010-20081219114010,0.162,0.001,0.074,0.237
2026-01-14T11:20:09.742Z,010-20081219114010,0.164,0.001,0.075,0.240
2026-01-14T11:20:21.739Z,010-20081219114010,0.161,0.001,0.075,0.237
2026-01-14T11:20:33.888Z,010-20081219114010,0.174,0.001,0.078,0.254
2026-01-14T11:20:45.984Z,010-20081219114010,0.163,0.001,0.077,0.242
2026-01-14T11:20:57.979Z,010-20081219114010,0.162,0.001,0.071,0.235
2026-01-14T11:21:10.898Z,010-20081219114010,0.168,0.001,0.074,0.244
2026-01-14T11:21:23.885Z,010-20081219114010,0.161,0.001,0.073,0.236
2026-01-14T11:21:36.484Z,010-20081219114010,0.177,0.001,0.078,0.257
2026-01-14T11:21:48.492Z,010-20081219114010,0.160,0.001,0.072,0.235
2026-01-14T11:22:01.394Z,010-20081219114010,0.165,0.001,0.074,0.241
2026-01-14T11:22:14.680Z,010-20081219114010,0.159,0.001,0.071,0.231
2026-01-14T11:22:26.766Z,010-20081219114010,0.162,0.001,0.075,0.239
2026-01-14T11:22:40.760Z,010-20081219114010,0.166,0.001,0.075,0.242
2026-01-14T11:22:54.060Z,010-20081219114010,0.169,0.001,0.078,0.249
2026-01-14T11:23:06.105Z,010-20081219114010,0.179,0.001,0.084,0.265
2026-01-14T11:23:18.203Z,010-20081219114010,0.165,0.001,0.072,0.239
2026-01-14T11:23:30.679Z,010-20081219114010,0.166,0.001,0.075,0.243
2026-01-14T11:23:42.981Z,010-20081219114010,0.171,0.001,0.077,0.250
2026-01-14T11:23:55.796Z,010-20081219114010,0.167,0.001,0.074,0.242
2026-01-14T11:24:08.695Z,010-20081219114010,0.166,0.001,0.073,0.240
2026-01-14T11:24:22.573Z,010-20081219114010,0.160,0.001,0.071,0.232
2026-01-14T11:24:34.604Z,010-20081219114010,0.175,0.001,0.078,0.254
2026-01-14T11:24:46.593Z,010-20081219114010,0.165,0.001,0.073,0.240
2026-01-14T11:24:59.506Z,010-20081219114010,0.166,0.001,0.075,0.243
2026-01-14T11:25:11.588Z,010-20081219114010,0.179,0.001,0.081,0.262
2026-01-14T11:25:24.478Z,010-20081219114010,0.163,0.001,0.076,0.241
2026-01-14T11:25:36.500Z,010-20081219114010,0.171,0.001,0.075,0.248
2026-01-14T11:25:49.385Z,010-20081219114010,0.160,0.001,0.071,0.233
2026-01-14T11:26:02.406Z,010-20081219114010,0.172,0.001,0.077,0.251
2026-01-14T11:26:16.123Z,010-20081219114010,0.162,0.001,0.072,0.236
2026-01-14T11:26:28.138Z,010-20081219114010,0.166,0.001,0.073,0.241
2026-01-14T11:26:41.159Z,010-20081219114010,0.168,0.001,0.080,0.250
2026-01-14T11:26:54.327Z,010-20081219114010,0.162,0.001,0.073,0.237
2026-01-14T11:27:06.332Z,010-20081219114010,0.167,0.001,0.074,0.242
2026-01-14T11:27:18.314Z,010-20081219114010,0.163,0.001,0.073,0.237
2026-01-14T11:27:30.305Z,010-20081219114010,0.163,0.001,0.073,0.237
2026-01-14T11:27:42.351Z,010-20081219114010,0.170,0.001,0.075,0.247
2026-01-14T11:27:54.329Z,010-20081219114010,0.164,0.001,0.072,0.238
2026-01-14T11:28:07.339Z,010-20081219114010,0.163,0.001,0.072,0.237
2026-01-14T11:28:19.314Z,010-20081219114010,0.164,0.001,0.077,0.243
2026-01-14T11:28:32.227Z,010-20081219114010,0.163,0.001,0.073,0.238
2026-01-14T11:28:45.131Z,010-20081219114010,0.170,0.001,0.076,0.248
2026-01-14T11:28:57.123Z,010-20081219114010,0.160,0.001,0.071,0.233
2026-01-14T11:29:09.205Z,010-20081219114010,0.164,0.001,0.078,0.243
2026-01-14T11:29:21.207Z,010-20081219114010,0.161,0.001,0.071,0.234
2026-01-14T11:29:33.232Z,010-20081219114010,0.170,0.001,0.074,0.246
2026-01-14T11:29:45.209Z,010-20081219114010,0.162,0.001,0.072,0.235
2026-01-14T11:29:57.194Z,010-20081219114010,0.163,0.001,0.071,0.236
2026-01-14T11:30:09.172Z,010-20081219114010,0.162,0.001,0.073,0.236
2026-01-14T11:30:22.069Z,010-20081219114010,0.161,0.001,0.071,0.234
2026-01-14T11:30:34.189Z,010-20081219114010,0.170,0.001,0.077,0.249
2026-01-14T11:30:46.157Z,010-20081219114010,0.159,0.001,0.071,0.232
2026-01-14T11:30:58.161Z,010-20081219114010,0.161,0.001,0.074,0.237
2026-01-14T11:31:10.164Z,010-20081219114010,0.161,0.001,0.072,0.235
2026-01-14T11:31:22.149Z,010-20081219114010,0.162,0.001,0.071,0.234
2026-01-14T11:31:34.177Z,010-20081219114010,0.173,0.001,0.082,0.257
2026-01-14T11:31:46.171Z,010-20081219114010,0.161,0.001,0.071,0.235
2026-01-14T11:31:58.165Z,010-20081219114010,0.161,0.001,0.072,0.234
2026-01-14T11:32:10.164Z,010-20081219114010,0.163,0.001,0.076,0.241
2026-01-14T11:32:22.248Z,010-20081219114010,0.160,0.001,0.072,0.234
2026-01-14T11:32:34.283Z,010-20081219114010,0.174,0.001,0.075,0.251
2026-01-14T11:32:46.274Z,010-20081219114010,0.165,0.001,0.072,0.239
2026-01-14T11:32:58.281Z,010-20081219114010,0.168,0.001,0.074,0.244
2026-01-14T11:33:11.182Z,010-20081219114010,0.166,0.001,0.073,0.241
2026-01-14T11:33:23.158Z,010-20081219114010,0.162,0.001,0.071,0.235
2026-01-14T11:33:35.196Z,010-20081219114010,0.172,0.001,0.078,0.251
2026-01-14T11:33:47.232Z,010-20081219114010,0.160,0.001,0.072,0.233
2026-01-14T11:33:59.244Z,010-20081219114010,0.166,0.001,0.072,0.240
2026-01-14T11:34:11.252Z,010-20081219114010,0.162,0.001,0.073,0.237
2026-01-14T11:34:23.253Z,010-20081219114010,0.163,0.001,0.071,0.236
2026-01-14T11:34:35.400Z,010-20081219114010,0.175,0.001,0.078,0.255
2026-01-14T11:34:47.427Z,010-20081219114010,0.166,0.001,0.076,0.243
2026-01-14T11:34:59.418Z,010-20081219114010,0.164,0.001,0.072,0.237
2026-01-14T11:35:11.424Z,010-20081219114010,0.165,0.001,0.074,0.241
2026-01-14T11:35:24.907Z,010-20081219114010,0.163,0.001,0.073,0.238
2026-01-14T11:35:36.941Z,010-20081219114010,0.170,0.001,0.075,0.247
2026-01-14T11:35:48.938Z,010-20081219114010,0.162,0.001,0.076,0.240
2026-01-14T11:36:01.036Z,010-20081219114010,0.162,0.001,0.071,0.235
2026-01-14T11:36:13.046Z,010-20081219114010,0.165,0.001,0.079,0.246
2026-01-14T11:36:25.636Z,010-20081219114010,0.165,0.001,0.073,0.240
2026-01-14T11:36:37.742Z,010-20081219114010,0.170,0.001,0.077,0.249
2026-01-14T11:36:50.122Z,010-20081219114010,0.160,0.001,0.071,0.233
2026-01-14T11:37:02.630Z,010-20081219114010,0.166,0.001,0.073,0.241
2026-01-14T11:37:14.631Z,010-20081219114010,0.161,0.001,0.071,0.233
2026-01-14T11:37:26.665Z,010-20081219114010,0.160,0.001,0.072,0.234
2026-01-14T11:37:39.701Z,010-20081219114010,0.170,0.001,0.076,0.248
2026-01-14T11:37:51.676Z,010-20081219114010,0.164,0.001,0.073,0.239
2026-01-14T11:38:08.277Z,010-20081219114010,0.164,0.001,0.075,0.241
2026-01-14T11:38:23.089Z,010-20081219114010,0.164,0.001,0.073,0.238
2026-01-14T11:38:36.113Z,010-20081219114010,0.168,0.001,0.073,0.243
2026-01-14T11:38:48.113Z,010-20081219114010,0.160,0.001,0.071,0.232
2026-01-14T11:39:00.116Z,010-20081219114010,0.161,0.001,0.073,0.235
2026-01-14T11:39:12.217Z,010-20081219114010,0.168,0.001,0.073,0.242
2026-01-14T11:39:25.617Z,010-20081219114010,0.164,0.001,0.076,0.242
2026-01-14T11:39:38.656Z,010-20081219114010,0.176,0.001,0.077,0.255
2026-01-14T11:39:51.477Z,010-20081219114010,0.161,0.001,0.071,0.233
2026-01-14T11:40:05.759Z,010-20081219114010,0.190,0.001,0.089,0.281
2026-01-14T11:40:17.768Z,010-20081219114010,0.162,0.001,0.072,0.236
2026-01-14T11:40:32.081Z,010-20081219114010,0.167,0.001,0.074,0.243
2026-01-14T11:40:44.097Z,010-20081219114010,0.172,0.001,0.074,0.248
2026-01-14T11:40:57.000Z,010-20081219114010,0.161,0.001,0.073,0.236
2026-01-14T11:41:09.924Z,010-20081219114010,0.168,0.001,0.072,0.242
2026-01-14T11:41:21.971Z,010-20081219114010,0.160,0.001,0.072,0.233
2026-01-14T11:41:34.016Z,010-20081219114010,0.173,0.001,0.077,0.252
2026-01-14T11:41:46.029Z,010-20081219114010,0.165,0.001,0.078,0.245
2026-01-14T11:41:58.970Z,010-20081219114010,0.166,0.001,0.073,0.241
2026-01-14T11:42:11.868Z,010-20081219114010,0.166,0.001,0.073,0.240
2026-01-14T11:42:24.398Z,010-20081219114010,0.168,0.001,0.074,0.244
2026-01-14T11:42:36.449Z,010-20081219114010,0.166,0.001,0.074,0.242
2026-01-14T11:42:49.567Z,010-20081219114010,0.161,0.001,0.070,0.234
2026-01-14T11:43:02.500Z,010-20081219114010,0.170,0.001,0.073,0.245
2026-01-14T11:43:15.684Z,010-20081219114010,0.159,0.001,0.072,0.233
2026-01-14T11:43:28.279Z,010-20081219114010,0.164,0.001,0.074,0.239
2026-01-14T11:43:40.320Z,010-20081219114010,0.176,0.001,0.078,0.256
2026-01-14T11:43:52.343Z,010-20081219114010,0.165,0.001,0.073,0.240
2026-01-14T11:44:04.355Z,010-20081219114010,0.168,0.001,0.075,0.244
2026-01-14T11:44:16.527Z,010-20081219114010,0.163,0.001,0.072,0.236
2026-01-14T11:44:28.557Z,010-20081219114010,0.164,0.001,0.076,0.242
2026-01-14T11:44:40.721Z,010-20081219114010,0.171,0.001,0.076,0.250
2026-01-14T11:44:52.735Z,010-20081219114010,0.154,0.001,0.067,0.223
2026-01-14T11:45:04.761Z,010-20081219114010,0.150,0.001,0.064,0.216
2026-01-14T11:45:16.793Z,010-20081219114010,0.170,0.001,0.076,0.247
2026-01-14T11:45:28.806Z,010-20081219114010,0.177,0.001,0.077,0.256
2026-01-14T11:45:40.817Z,010-20081219114010,0.172,0.001,0.079,0.252
2026-01-14T11:45:52.815Z,010-20081219114010,0.161,0.001,0.072,0.235
2026-01-14T11:46:04.811Z,010-20081219114010,0.164,0.001,0.078,0.244
2026-01-14T11:46:16.787Z,010-20081219114010,0.157,0.001,0.070,0.228
2026-01-14T11:46:28.894Z,010-20081219114010,0.166,0.001,0.072,0.239
2026-01-14T11:46:40.913Z,010-20081219114010,0.168,0.001,0.073,0.243
2026-01-14T11:46:52.937Z,010-20081219114010,0.166,0.001,0.073,0.241
2026-01-14T11:47:04.938Z,010-20081219114010,0.161,0.001,0.072,0.235
2026-01-14T11:47:16.927Z,010-20081219114010,0.160,0.001,0.077,0.239
2026-01-14T11:47:28.935Z,010-20081219114010,0.160,0.001,0.072,0.234
2026-01-14T11:47:40.958Z,010-20081219114010,0.169,0.001,0.074,0.245
2026-01-14T11:47:52.949Z,010-20081219114010,0.161,0.001,0.071,0.234
2026-01-14T11:48:04.991Z,010-20081219114010,0.167,0.001,0.074,0.242
2026-01-14T11:48:17.045Z,010-20081219114010,0.162,0.001,0.073,0.237
2026-01-14T11:48:29.057Z,010-20081219114010,0.161,0.001,0.072,0.234
2026-01-14T11:48:41.076Z,010-20081219114010,0.171,0.001,0.076,0.249
2026-01-14T11:48:53.078Z,010-20081219114010,0.162,0.001,0.073,0.237
2026-01-14T11:49:05.095Z,010-20081219114010,0.168,0.001,0.074,0.244
2026-01-14T11:49:17.108Z,010-20081219114010,0.163,0.001,0.072,0.236
2026-01-14T11:49:29.118Z,010-20081219114010,0.167,0.001,0.074,0.242
2026-01-14T11:49:41.134Z,010-20081219114010,0.169,0.001,0.074,0.244
2026-01-14T11:49:53.114Z,010-20081219114010,0.161,0.001,0.075,0.238
2026-01-14T11:50:05.209Z,010-20081219114010,0.164,0.001,0.073,0.239
2026-01-14T11:50:17.222Z,010-20081219114010,0.160,0.001,0.070,0.232
2026-01-14T11:50:29.220Z,010-20081219114010,0.161,0.001,0.071,0.234
2026-01-14T11:50:41.240Z,010-20081219114010,0.172,0.001,0.083,0.256
2026-01-14T11:50:53.215Z,010-20081219114010,0.158,0.001,0.070,0.230
2026-01-14T11:51:05.212Z,010-20081219114010,0.163,0.001,0.077,0.242
2026-01-14T11:51:17.210Z,010-20081219114010,0.159,0.001,0.071,0.232
2026-01-14T11:51:29.193Z,010-20081219114010,0.168,0.001,0.076,0.246
2026-01-14T11:51:41.213Z,010-20081219114010,0.172,0.001,0.078,0.251
2026-01-14T11:51:53.365Z,010-20081219114010,0.193,0.001,0.093,0.289
2026-01-14T11:52:05.392Z,010-20081219114010,0.213,0.001,0.093,0.308
2026-01-14T11:52:18.512Z,010-20081219114010,0.184,0.001,0.102,0.287
2026-01-14T11:52:30.733Z,010-20081219114010,0.162,0.001,0.073,0.237
2026-01-14T11:52:42.782Z,010-20081219114010,0.170,0.001,0.078,0.249
2026-01-14T11:52:56.623Z,010-20081219114010,0.164,0.001,0.071,0.237
2026-01-14T11:53:08.933Z,010-20081219114010,0.167,0.001,0.074,0.242
2026-01-14T11:53:21.941Z,010-20081219114010,0.164,0.001,0.072,0.237
2026-01-14T11:53:34.081Z,010-20081219114010,0.172,0.001,0.077,0.251
2026-01-14T11:53:46.275Z,010-20081219114010,0.164,0.001,0.072,0.238
2026-01-14T11:53:59.288Z,010-20081219114010,0.162,0.001,0.072,0.236
2026-01-14T11:54:11.286Z,010-20081219114010,0.166,0.001,0.073,0.241
2026-01-14T11:54:23.293Z,010-20081219114010,0.165,0.001,0.073,0.240
2026-01-14T11:54:35.320Z,010-20081219114010,0.179,0.001,0.078,0.259
2026-01-14T11:54:47.305Z,010-20081219114010,0.165,0.001,0.076,0.243
2026-01-14T11:54:59.342Z,010-20081219114010,0.165,0.001,0.071,0.238
2026-01-14T11:55:11.329Z,010-20081219114010,0.163,0.001,0.074,0.239
2026-01-14T11:55:23.360Z,010-20081219114010,0.160,0.001,0.071,0.232
2026-01-14T11:55:35.423Z,010-20081219114010,0.170,0.001,0.076,0.248
2026-01-14T11:55:47.572Z,010-20081219114010,0.162,0.001,0.072,0.236
2026-01-14T11:55:59.594Z,010-20081219114010,0.163,0.001,0.072,0.237
2026-01-14T11:56:11.596Z,010-20081219114010,0.165,0.001,0.073,0.240
2026-01-14T11:56:23.631Z,010-20081219114010,0.159,0.001,0.070,0.231
2026-01-14T11:56:35.683Z,010-20081219114010,0.171,0.001,0.076,0.249
2026-01-14T11:56:47.720Z,010-20081219114010,0.161,0.001,0.071,0.234
2026-01-14T11:56:59.738Z,010-20081219114010,0.163,0.001,0.073,0.237
2026-01-14T11:57:11.762Z,010-20081219114010,0.165,0.001,0.076,0.242
2026-01-14T11:57:23.788Z,010-20081219114010,0.164,0.001,0.073,0.239
2026-01-14T11:57:35.918Z,010-20081219114010,0.170,0.001,0.075,0.247
2026-01-14T11:57:47.934Z,010-20081219114010,0.162,0.001,0.072,0.236
2026-01-14T11:57:59.948Z,010-20081219114010,0.164,0.001,0.073,0.238
2026-01-14T11:58:11.953Z,010-20081219114010,0.165,0.001,0.073,0.240
2026-01-14T11:58:23.958Z,010-20081219114010,0.162,0.001,0.073,0.236
2026-01-14T11:58:36.005Z,010-20081219114010,0.173,0.001,0.077,0.252
2026-01-14T11:58:47.991Z,010-20081219114010,0.158,0.001,0.070,0.230
2026-01-14T11:59:00.006Z,010-20081219114010,0.163,0.001,0.073,0.237
2026-01-14T11:59:12.020Z,010-20081219114010,0.166,0.001,0.072,0.240
2026-01-14T11:59:24.118Z,010-20081219114010,0.161,0.001,0.071,0.234
2026-01-14T11:59:36.172Z,010-20081219114010,0.174,0.001,0.076,0.251
2026-01-14T11:59:48.182Z,010-20081219114010,0.163,0.001,0.073,0.238
2026-01-14T12:00:00.212Z,010-20081219114010,0.162,0.001,0.072,0.236
2026-01-14T12:00:12.228Z,010-20081219114010,0.162,0.001,0.072,0.236
2026-01-14T12:00:25.142Z,010-20081219114010,0.163,0.001,0.071,0.236
2026-01-14T12:00:37.182Z,010-20081219114010,0.173,0.001,0.076,0.251
2026-01-14T12:00:49.187Z,010-20081219114010,0.163,0.001,0.072,0.237
2026-01-14T12:01:01.220Z,010-20081219114010,0.161,0.001,0.072,0.235
2026-01-14T12:01:13.271Z,010-20081219114010,0.164,0.001,0.074,0.240
2026-01-14T12:01:25.300Z,010-20081219114010,0.163,0.001,0.072,0.236
2026-01-14T12:01:37.368Z,010-20081219114010,0.170,0.001,0.074,0.246
2026-01-14T12:01:49.980Z,010-20081219114010,0.166,0.001,0.072,0.240
2026-01-14T12:02:02.014Z,010-20081219114010,0.167,0.001,0.074,0.243
2026-01-14T12:02:14.064Z,010-20081219114010,0.166,0.001,0.074,0.242
2026-01-14T12:02:26.708Z,010-20081219114010,0.164,0.001,0.077,0.242
2026-01-14T12:02:39.976Z,010-20081219114010,0.166,0.001,0.079,0.247
2026-01-14T12:02:52.005Z,010-20081219114010,0.160,0.001,0.076,0.238
2026-01-14T12:03:04.168Z,010-20081219114010,0.164,0.001,0.074,0.240
2026-01-14T12:03:16.315Z,010-20081219114010,0.160,0.001,0.076,0.237
2026-01-14T12:03:28.372Z,010-20081219114010,0.164,0.001,0.079,0.244
2026-01-14T12:03:40.438Z,010-20081219114010,0.173,0.001,0.078,0.253
2026-01-14T12:03:52.476Z,010-20081219114010,0.166,0.001,0.074,0.241
2026-01-14T12:04:04.491Z,010-20081219114010,0.177,0.001,0.077,0.256
2026-01-14T12:04:16.526Z,010-20081219114010,0.160,0.001,0.071,0.233
2026-01-14T12:04:28.585Z,010-20081219114010,0.164,0.001,0.078,0.244
2026-01-14T12:04:40.750Z,010-20081219114010,0.171,0.001,0.076,0.249
2026-01-14T12:04:52.829Z,010-20081219114010,0.164,0.001,0.073,0.238
2026-01-14T12:05:04.878Z,010-20081219114010,0.170,0.001,0.075,0.246
2026-01-14T12:05:16.901Z,010-20081219114010,0.160,0.001,0.071,0.233
2026-01-14T12:05:28.923Z,010-20081219114010,0.162,0.001,0.077,0.241
2026-01-14T12:05:40.991Z,010-20081219114010,0.172,0.001,0.076,0.250
2026-01-14T12:05:53.138Z,010-20081219114010,0.161,0.001,0.075,0.238
2026-01-14T12:06:05.246Z,010-20081219114010,0.176,0.001,0.073,0.252
2026-01-14T12:06:17.381Z,010-20081219114010,0.160,0.001,0.075,0.237
2026-01-14T12:06:29.422Z,010-20081219114010,0.165,0.001,0.073,0.240
2026-01-14T12:06:41.476Z,010-20081219114010,0.168,0.001,0.075,0.245
2026-01-14T12:06:53.518Z,010-20081219114010,0.163,0.001,0.073,0.238
2026-01-14T12:07:05.559Z,010-20081219114010,0.168,0.001,0.076,0.246
2026-01-14T12:07:17.604Z,010-20081219114010,0.165,0.001,0.073,0.240
2026-01-14T12:07:29.644Z,010-20081219114010,0.162,0.001,0.073,0.237
2026-01-14T12:07:41.693Z,010-20081219114010,0.171,0.001,0.077,0.249
2026-01-14T12:07:53.731Z,010-20081219114010,0.159,0.001,0.071,0.232
2026-01-14T12:08:05.879Z,010-20081219114010,0.163,0.001,0.075,0.239
2026-01-14T12:08:17.913Z,010-20081219114010,0.157,0.001,0.070,0.228
2026-01-14T12:08:30.744Z,010-20081219114010,0.160,0.001,0.070,0.232
2026-01-14T12:08:42.817Z,010-20081219114010,0.174,0.001,0.075,0.251
2026-01-14T12:08:54.881Z,010-20081219114010,0.162,0.001,0.072,0.236
2026-01-14T12:09:06.907Z,010-20081219114010,0.164,0.001,0.072,0.238
2026-01-14T12:09:18.918Z,010-20081219114010,0.162,0.001,0.073,0.238
2026-01-14T12:09:31.254Z,010-20081219114010,0.162,0.001,0.072,0.236
2026-01-14T12:09:43.309Z,010-20081219114010,0.169,0.001,0.074,0.246
2026-01-14T12:09:55.348Z,010-20081219114010,0.165,0.001,0.073,0.240
2026-01-14T12:10:07.465Z,010-20081219114010,0.202,0.001,0.091,0.294
2026-01-14T12:10:19.803Z,010-20081219114010,0.162,0.001,0.073,0.237
2026-01-14T12:10:31.958Z,010-20081219114010,0.166,0.001,0.078,0.246
2026-01-14T12:10:44.006Z,010-20081219114010,0.168,0.001,0.074,0.244
2026-01-14T12:10:56.044Z,010-20081219114010,0.160,0.001,0.071,0.232
2026-01-14T12:11:08.095Z,010-20081219114010,0.168,0.001,0.075,0.245
2026-01-14T12:11:20.119Z,010-20081219114010,0.164,0.001,0.073,0.239
2026-01-14T12:11:32.170Z,010-20081219114010,0.162,0.001,0.074,0.238
2026-01-14T12:11:44.230Z,010-20081219114010,0.170,0.001,0.074,0.246
2026-01-14T12:11:56.265Z,010-20081219114010,0.163,0.001,0.072,0.237
2026-01-14T12:12:08.304Z,010-20081219114010,0.165,0.001,0.074,0.241
2026-01-14T12:12:20.417Z,010-20081219114010,0.161,0.001,0.077,0.240
2026-01-14T12:12:32.464Z,010-20081219114010,0.164,0.001,0.078,0.243
2026-01-14T12:12:44.514Z,010-20081219114010,0.167,0.001,0.079,0.248
2026-01-14T12:12:56.567Z,010-20081219114010,0.162,0.001,0.076,0.240
2026-01-14T12:13:08.612Z,010-20081219114010,0.166,0.001,0.078,0.245
2026-01-14T12:13:20.648Z,010-20081219114010,0.161,0.001,0.075,0.237
2026-01-14T12:13:32.693Z,010-20081219114010,0.164,0.001,0.077,0.243
2026-01-14T12:13:44.744Z,010-20081219114010,0.163,0.001,0.078,0.242
2026-01-14T12:13:56.785Z,010-20081219114010,0.161,0.001,0.075,0.238
2026-01-14T12:14:08.915Z,010-20081219114010,0.164,0.001,0.078,0.243
2026-01-14T12:14:20.972Z,010-20081219114010,0.161,0.001,0.075,0.237
2026-01-14T12:14:33.030Z,010-20081219114010,0.166,0.001,0.078,0.246
2026-01-14T12:14:45.075Z,010-20081219114010,0.163,0.001,0.076,0.241
2026-01-14T12:14:57.126Z,010-20081219114010,0.160,0.001,0.071,0.233
2026-01-14T12:15:09.181Z,010-20081219114010,0.171,0.001,0.074,0.246
2026-01-14T12:15:21.238Z,010-20081219114010,0.164,0.001,0.076,0.242
2026-01-14T12:15:33.317Z,010-20081219114010,0.166,0.001,0.074,0.242
2026-01-14T12:15:45.356Z,010-20081219114010,0.161,0.001,0.071,0.234
2026-01-14T12:15:57.484Z,010-20081219114010,0.167,0.001,0.077,0.246
2026-01-14T12:16:09.542Z,010-20081219114010,0.166,0.001,0.074,0.242
2026-01-14T12:16:21.594Z,010-20081219114010,0.164,0.001,0.072,0.238
2026-01-14T12:16:33.657Z,010-20081219114010,0.168,0.001,0.075,0.245
2026-01-14T12:16:45.699Z,010-20081219114010,0.164,0.001,0.071,0.237
2026-01-14T12:16:57.729Z,010-20081219114010,0.160,0.001,0.071,0.233
2026-01-14T12:17:09.776Z,010-20081219114010,0.164,0.001,0.075,0.240
2026-01-14T12:17:21.811Z,010-20081219114010,0.160,0.001,0.075,0.236
2026-01-14T12:17:33.874Z,010-20081219114010,0.173,0.001,0.077,0.252
2026-01-14T12:17:46.001Z,010-20081219114010,0.166,0.001,0.078,0.245
2026-01-14T12:17:58.043Z,010-20081219114010,0.162,0.001,0.072,0.236
2026-01-14T12:18:10.085Z,010-20081219114010,0.166,0.001,0.074,0.242
2026-01-14T12:18:22.084Z,010-20081219114010,0.161,0.001,0.071,0.233
2026-01-14T12:18:34.146Z,010-20081219114010,0.173,0.001,0.080,0.255
2026-01-14T12:18:46.198Z,010-20081219114010,0.163,0.001,0.076,0.241
2026-01-14T12:18:58.246Z,010-20081219114010,0.166,0.001,0.074,0.241
2026-01-14T12:19:10.294Z,010-20081219114010,0.166,0.001,0.073,0.241
2026-01-14T12:19:22.304Z,010-20081219114010,0.162,0.001,0.076,0.240
2026-01-14T12:19:34.472Z,010-20081219114010,0.170,0.001,0.078,0.250
2026-01-14T12:19:46.519Z,010-20081219114010,0.159,0.001,0.071,0.231
2026-01-14T12:19:58.562Z,010-20081219114010,0.170,0.001,0.075,0.246
2026-01-14T12:20:10.608Z,010-20081219114010,0.174,0.001,0.078,0.253
2026-01-14T12:20:22.664Z,010-20081219114010,0.162,0.001,0.071,0.235
2026-01-14T12:20:34.737Z,010-20081219114010,0.168,0.001,0.074,0.244
2026-01-14T12:20:46.769Z,010-20081219114010,0.166,0.001,0.073,0.240
2026-01-14T12:20:58.826Z,010-20081219114010,0.161,0.001,0.072,0.235
2026-01-14T12:21:10.876Z,010-20081219114010,0.165,0.001,0.078,0.245
2026-01-14T12:21:23.007Z,010-20081219114010,0.162,0.001,0.073,0.236
2026-01-14T12:21:35.080Z,010-20081219114010,0.169,0.001,0.075,0.247
2026-01-14T12:21:47.125Z,010-20081219114010,0.162,0.001,0.075,0.238
2026-01-14T12:21:59.162Z,010-20081219114010,0.164,0.001,0.073,0.238
2026-01-14T12:22:11.197Z,010-20081219114010,0.168,0.001,0.077,0.247
2026-01-14T12:22:23.251Z,010-20081219114010,0.163,0.001,0.072,0.237
2026-01-14T12:22:35.308Z,010-20081219114010,0.169,0.001,0.082,0.253
2026-01-14T12:22:47.364Z,010-20081219114010,0.159,0.001,0.072,0.233
2026-01-14T12:22:59.403Z,010-20081219114010,0.164,0.001,0.072,0.238
2026-01-14T12:23:11.557Z,010-20081219114010,0.170,0.001,0.081,0.252
2026-01-14T12:23:23.585Z,010-20081219114010,0.157,0.001,0.070,0.229
2026-01-14T12:23:35.638Z,010-20081219114010,0.170,0.001,0.076,0.249
2026-01-14T12:23:47.667Z,010-20081219114010,0.163,0.001,0.071,0.236
2026-01-14T12:23:59.697Z,010-20081219114010,0.161,0.001,0.071,0.233
2026-01-14T12:24:11.733Z,010-20081219114010,0.167,0.001,0.075,0.244
2026-01-14T12:24:23.764Z,010-20081219114010,0.164,0.001,0.073,0.239
2026-01-14T12:24:35.828Z,010-20081219114010,0.175,0.001,0.079,0.256
2026-01-14T12:24:47.853Z,010-20081219114010,0.163,0.001,0.071,0.235
2026-01-14T12:24:59.977Z,010-20081219114010,0.166,0.001,0.073,0.240
2026-01-14T12:25:12.037Z,010-20081219114010,0.169,0.001,0.075,0.246
2026-01-14T12:25:24.067Z,010-20081219114010,0.161,0.001,0.076,0.239
2026-01-14T12:25:36.127Z,010-20081219114010,0.172,0.001,0.078,0.252
2026-01-14T12:25:48.146Z,010-20081219114010,0.161,0.001,0.076,0.239
2026-01-14T12:26:00.195Z,010-20081219114010,0.163,0.001,0.073,0.237
2026-01-14T12:26:12.212Z,010-20081219114010,0.165,0.001,0.072,0.238
2026-01-14T12:26:24.259Z,010-20081219114010,0.161,0.001,0.072,0.235
2026-01-14T12:26:36.317Z,010-20081219114010,0.175,0.001,0.076,0.252
2026-01-14T12:26:48.530Z,010-20081219114010,0.163,0.001,0.073,0.237
2026-01-14T12:27:00.571Z,010-20081219114010,0.165,0.001,0.076,0.242
2026-01-14T12:27:12.606Z,010-20081219114010,0.162,0.001,0.072,0.236
2026-01-14T12:27:24.637Z,010-20081219114010,0.161,0.001,0.074,0.237
2026-01-14T12:27:36.733Z,010-20081219114010,0.168,0.001,0.075,0.245
2026-01-14T12:27:48.757Z,010-20081219114010,0.163,0.001,0.071,0.236
2026-01-14T12:28:00.794Z,010-20081219114010,0.164,0.001,0.073,0.239
2026-01-14T12:28:12.838Z,010-20081219114010,0.172,0.001,0.073,0.247
2026-01-14T12:28:24.957Z,010-20081219114010,0.164,0.001,0.078,0.244
2026-01-14T12:28:37.031Z,010-20081219114010,0.169,0.001,0.075,0.246
2026-01-14T12:28:49.059Z,010-20081219114010,0.160,0.001,0.071,0.233
2026-01-14T12:29:01.098Z,010-20081219114010,0.167,0.001,0.072,0.240
2026-01-14T12:29:13.132Z,010-20081219114010,0.165,0.001,0.073,0.239
2026-01-14T12:29:25.162Z,010-20081219114010,0.165,0.001,0.072,0.239
2026-01-14T12:29:37.208Z,010-20081219114010,0.170,0.001,0.079,0.251
2026-01-14T12:29:49.237Z,010-20081219114010,0.158,0.001,0.070,0.230
2026-01-14T12:30:01.270Z,010-20081219114010,0.164,0.001,0.074,0.240
2026-01-14T12:30:13.411Z,010-20081219114010,0.164,0.001,0.073,0.239
2026-01-14T12:30:25.452Z,010-20081219114010,0.158,0.001,0.071,0.231
2026-01-14T12:30:37.491Z,010-20081219114010,0.169,0.001,0.080,0.251
2026-01-14T12:30:49.564Z,010-20081219114010,0.162,0.001,0.071,0.235
2026-01-14T12:31:01.593Z,010-20081219114010,0.164,0.001,0.073,0.240
2026-01-14T12:31:13.615Z,010-20081219114010,0.162,0.001,0.076,0.239
2026-01-14T12:31:25.672Z,010-20081219114010,0.161,0.001,0.071,0.234
2026-01-14T12:31:37.736Z,010-20081219114010,0.164,0.001,0.072,0.238
2026-01-14T12:31:49.970Z,010-20081219114010,0.160,0.001,0.071,0.233
2026-01-14T12:32:02.014Z,010-20081219114010,0.166,0.001,0.074,0.242
2026-01-14T12:32:14.060Z,010-20081219114010,0.158,0.001,0.076,0.236
2026-01-14T12:32:26.108Z,010-20081219114010,0.161,0.001,0.071,0.234
2026-01-14T12:32:38.162Z,010-20081219114010,0.162,0.001,0.072,0.236
2026-01-14T12:32:50.196Z,010-20081219114010,0.163,0.001,0.076,0.241
2026-01-14T12:33:02.248Z,010-20081219114010,0.162,0.001,0.073,0.237
2026-01-14T12:33:14.301Z,010-20081219114010,0.160,0.001,0.073,0.234
2026-01-14T12:33:26.366Z,010-20081219114010,0.162,0.001,0.073,0.236
2026-01-14T12:33:38.547Z,010-20081219114010,0.171,0.001,0.079,0.252
2026-01-14T12:33:50.608Z,010-20081219114010,0.161,0.001,0.076,0.239
2026-01-14T12:34:02.633Z,010-20081219114010,0.166,0.001,0.073,0.242
2026-01-14T12:34:14.676Z,010-20081219114010,0.167,0.001,0.073,0.241
2026-01-14T12:34:26.721Z,010-20081219114010,0.163,0.001,0.072,0.236
2026-01-14T12:34:38.787Z,010-20081219114010,0.170,0.001,0.075,0.247
2026-01-14T12:34:50.819Z,010-20081219114010,0.160,0.001,0.076,0.237
2026-01-14T12:35:02.874Z,010-20081219114010,0.170,0.001,0.077,0.248
2026-01-14T12:35:14.916Z,010-20081219114010,0.168,0.001,0.075,0.245
2026-01-14T12:35:27.052Z,010-20081219114010,0.162,0.001,0.071,0.235
2026-01-14T12:35:39.110Z,010-20081219114010,0.165,0.001,0.074,0.241
2026-01-14T12:35:51.144Z,010-20081219114010,0.166,0.001,0.072,0.240
2026-01-14T12:36:03.184Z,010-20081219114010,0.165,0.001,0.074,0.240
2026-01-14T12:36:15.210Z,010-20081219114010,0.162,0.001,0.074,0.238
2026-01-14T12:36:27.276Z,010-20081219114010,0.163,0.001,0.072,0.237
2026-01-14T12:36:39.309Z,010-20081219114010,0.165,0.001,0.073,0.239
2026-01-14T12:36:51.347Z,010-20081219114010,0.162,0.001,0.076,0.240
2026-01-14T12:37:03.371Z,010-20081219114010,0.164,0.001,0.074,0.240
2026-01-14T12:37:15.504Z,010-20081219114010,0.162,0.001,0.075,0.239
2026-01-14T12:37:27.556Z,010-20081219114010,0.163,0.001,0.074,0.238
2026-01-14T12:37:39.596Z,010-20081219114010,0.170,0.001,0.076,0.248
2026-01-14T12:37:51.617Z,010-20081219114010,0.162,0.001,0.076,0.240
2026-01-14T12:38:03.662Z,010-20081219114010,0.167,0.001,0.075,0.244
2026-01-14T12:38:15.707Z,010-20081219114010,0.161,0.001,0.075,0.238
2026-01-14T12:38:27.754Z,010-20081219114010,0.160,0.001,0.071,0.233
2026-01-14T12:38:39.830Z,010-20081219114010,0.169,0.001,0.076,0.247
2026-01-14T12:38:51.865Z,010-20081219114010,0.161,0.001,0.072,0.235
2026-01-14T12:39:04.001Z,010-20081219114010,0.171,0.001,0.082,0.255
2026-01-14T12:39:16.071Z,010-20081219114010,0.166,0.001,0.075,0.242
2026-01-14T12:39:28.090Z,010-20081219114010,0.164,0.001,0.072,0.238
2026-01-14T12:39:40.161Z,010-20081219114010,0.167,0.001,0.080,0.250
2026-01-14T12:39:52.192Z,010-20081219114010,0.162,0.001,0.074,0.238
2026-01-14T12:40:04.290Z,010-20081219114010,0.189,0.001,0.084,0.275
2026-01-14T12:40:16.351Z,010-20081219114010,0.172,0.001,0.075,0.249
2026-01-14T12:40:28.395Z,010-20081219114010,0.162,0.001,0.076,0.240
2026-01-14T12:40:40.446Z,010-20081219114010,0.169,0.001,0.075,0.247
2026-01-14T12:40:52.568Z,010-20081219114010,0.162,0.001,0.071,0.235
2026-01-14T12:41:04.598Z,010-20081219114010,0.165,0.001,0.078,0.245
2026-01-14T12:41:16.631Z,010-20081219114010,0.160,0.001,0.070,0.232
2026-01-14T12:41:28.682Z,010-20081219114010,0.159,0.001,0.071,0.232
2026-01-14T12:41:40.731Z,010-20081219114010,0.170,0.001,0.074,0.246
2026-01-14T12:41:52.792Z,010-20081219114010,0.163,0.001,0.072,0.236
2026-01-14T12:42:04.843Z,010-20081219114010,0.168,0.001,0.075,0.245
2026-01-14T12:42:16.890Z,010-20081219114010,0.159,0.001,0.070,0.230
2026-01-14T12:42:28.930Z,010-20081219114010,0.161,0.001,0.071,0.234
2026-01-14T12:42:41.096Z,010-20081219114010,0.171,0.001,0.076,0.249
2026-01-14T12:42:53.137Z,010-20081219114010,0.160,0.001,0.070,0.232
2026-01-14T12:43:05.182Z,010-20081219114010,0.168,0.001,0.076,0.246
2026-01-14T12:43:17.210Z,010-20081219114010,0.161,0.001,0.071,0.233
2026-01-14T12:43:29.268Z,010-20081219114010,0.166,0.001,0.074,0.241
2026-01-14T12:43:41.299Z,010-20081219114010,0.165,0.001,0.072,0.239
2026-01-14T12:43:53.359Z,010-20081219114010,0.162,0.001,0.071,0.234
2026-01-14T12:44:05.433Z,010-20081219114010,0.178,0.001,0.088,0.268
2026-01-14T12:44:17.482Z,010-20081219114010,0.159,0.001,0.071,0.232
2026-01-14T12:44:29.622Z,010-20081219114010,0.159,0.001,0.070,0.231
2026-01-14T12:44:41.693Z,010-20081219114010,0.169,0.001,0.076,0.247
2026-01-14T12:44:53.746Z,010-20081219114010,0.160,0.001,0.074,0.236
2026-01-14T12:45:05.801Z,010-20081219114010,0.166,0.001,0.073,0.241
2026-01-14T12:45:17.826Z,010-20081219114010,0.162,0.001,0.075,0.239
2026-01-14T12:45:29.886Z,010-20081219114010,0.162,0.001,0.072,0.235
2026-01-14T12:45:41.946Z,010-20081219114010,0.171,0.001,0.073,0.246
2026-01-14T12:45:53.972Z,010-20081219114010,0.161,0.001,0.074,0.237
2026-01-14T12:46:06.033Z,010-20081219114010,0.165,0.001,0.074,0.241
2026-01-14T12:46:18.167Z,010-20081219114010,0.164,0.001,0.073,0.239
2026-01-14T12:46:30.218Z,010-20081219114010,0.163,0.001,0.073,0.238
2026-01-14T12:46:42.304Z,010-20081219114010,0.173,0.001,0.076,0.251
2026-01-14T12:46:54.342Z,010-20081219114010,0.159,0.001,0.069,0.230
2026-01-14T12:47:06.396Z,010-20081219114010,0.166,0.001,0.074,0.242
2026-01-14T12:47:18.453Z,010-20081219114010,0.158,0.001,0.074,0.233
2026-01-14T12:47:30.508Z,010-20081219114010,0.163,0.001,0.071,0.236
2026-01-14T12:47:42.569Z,010-20081219114010,0.167,0.001,0.074,0.243
2026-01-14T12:47:54.592Z,010-20081219114010,0.158,0.001,0.070,0.230
2026-01-14T12:48:06.756Z,010-20081219114010,0.170,0.001,0.074,0.246
2026-01-14T12:48:18.771Z,010-20081219114010,0.159,0.001,0.071,0.232
2026-01-14T12:48:30.828Z,010-20081219114010,0.165,0.001,0.072,0.239
2026-01-14T12:48:42.888Z,010-20081219114010,0.169,0.001,0.075,0.246
2026-01-14T12:48:54.932Z,010-20081219114010,0.160,0.001,0.075,0.236
2026-01-14T12:49:06.954Z,010-20081219114010,0.169,0.001,0.075,0.246
2026-01-14T12:49:18.982Z,010-20081219114010,0.172,0.001,0.075,0.249
2026-01-14T12:49:31.039Z,010-20081219114010,0.162,0.001,0.071,0.234
2026-01-14T12:49:43.105Z,010-20081219114010,0.171,0.001,0.078,0.251
2026-01-14T12:49:55.239Z,010-20081219114010,0.162,0.001,0.074,0.237
2026-01-14T12:50:07.298Z,010-20081219114010,0.164,0.001,0.072,0.238
2026-01-14T12:50:19.313Z,010-20081219114010,0.162,0.001,0.071,0.235
2026-01-14T12:50:31.351Z,010-20081219114010,0.168,0.001,0.074,0.244
2026-01-14T12:50:43.417Z,010-20081219114010,0.171,0.001,0.077,0.250
2026-01-14T12:50:55.459Z,010-20081219114010,0.162,0.001,0.077,0.240
2026-01-14T12:51:07.512Z,010-20081219114010,0.164,0.001,0.073,0.238
2026-01-14T12:51:19.548Z,010-20081219114010,0.162,0.001,0.071,0.234
2026-01-14T12:51:31.600Z,010-20081219114010,0.163,0.001,0.071,0.236
2026-01-14T12:51:43.759Z,010-20081219114010,0.171,0.001,0.075,0.247
2026-01-14T12:51:55.806Z,010-20081219114010,0.164,0.001,0.073,0.239
2026-01-14T12:52:07.826Z,010-20081219114010,0.172,0.001,0.076,0.250
2026-01-14T12:52:19.853Z,010-20081219114010,0.162,0.001,0.072,0.236
2026-01-14T12:52:31.886Z,010-20081219114010,0.166,0.001,0.073,0.241
2026-01-14T12:52:43.939Z,010-20081219114010,0.169,0.001,0.075,0.246
2026-01-14T12:52:55.997Z,010-20081219114010,0.165,0.001,0.078,0.245
2026-01-14T12:53:08.051Z,010-20081219114010,0.161,0.001,0.072,0.235
2026-01-14T12:53:20.086Z,010-20081219114010,0.161,0.001,0.076,0.239
2026-01-14T12:53:32.217Z,010-20081219114010,0.168,0.001,0.075,0.245
2026-01-14T12:53:44.254Z,010-20081219114010,0.168,0.001,0.075,0.245
2026-01-14T12:53:56.308Z,010-20081219114010,0.164,0.001,0.074,0.240
2026-01-14T12:54:08.355Z,010-20081219114010,0.167,0.001,0.073,0.242
2026-01-14T12:54:20.382Z,010-20081219114010,0.158,0.001,0.072,0.232
2026-01-14T12:54:32.416Z,010-20081219114010,0.166,0.001,0.073,0.241
2026-01-14T12:54:44.462Z,010-20081219114010,0.169,0.001,0.075,0.246
2026-01-14T12:54:56.490Z,010-20081219114010,0.163,0.001,0.072,0.237
2026-01-14T12:55:08.542Z,010-20081219114010,0.167,0.001,0.074,0.243
2026-01-14T12:55:20.666Z,010-20081219114010,0.163,0.001,0.076,0.240
2026-01-14T12:55:32.729Z,010-20081219114010,0.165,0.001,0.074,0.240
2026-01-14T12:55:44.992Z,010-20081219114010,0.168,0.001,0.075,0.245
2026-01-14T12:55:57.492Z,010-20081219114010,0.163,0.001,0.071,0.236
2026-01-14T12:56:09.530Z,010-20081219114010,0.164,0.001,0.079,0.244
2026-01-14T12:56:21.585Z,010-20081219114010,0.158,0.001,0.070,0.230
2026-01-14T12:56:33.941Z,010-20081219114010,0.170,0.001,0.076,0.248
2026-01-14T12:56:45.976Z,010-20081219114010,0.165,0.001,0.075,0.241
2026-01-14T12:56:57.995Z,010-20081219114010,0.165,0.001,0.078,0.244
2026-01-14T12:57:10.139Z,010-20081219114010,0.162,0.001,0.072,0.235
2026-01-14T12:57:22.151Z,010-20081219114010,0.164,0.001,0.073,0.238
2026-01-14T12:57:34.187Z,010-20081219114010,0.168,0.001,0.075,0.245
2026-01-14T12:57:46.230Z,010-20081219114010,0.163,0.001,0.076,0.241
2026-01-14T12:57:58.291Z,010-20081219114010,0.163,0.001,0.072,0.237
2026-01-14T12:58:10.310Z,010-20081219114010,0.165,0.001,0.074,0.241
2026-01-14T12:58:22.343Z,010-20081219114010,0.163,0.001,0.073,0.237
2026-01-14T12:58:34.401Z,010-20081219114010,0.172,0.001,0.075,0.250
2026-01-14T12:58:46.436Z,010-20081219114010,0.161,0.001,0.071,0.233
2026-01-14T12:58:58.575Z,010-20081219114010,0.163,0.001,0.077,0.242
2026-01-14T12:59:10.607Z,010-20081219114010,0.165,0.001,0.073,0.240
2026-01-14T12:59:22.653Z,010-20081219114010,0.162,0.001,0.076,0.239
2026-01-14T12:59:34.704Z,010-20081219114010,0.169,0.001,0.076,0.247
2026-01-14T12:59:46.744Z,010-20081219114010,0.163,0.001,0.076,0.241
2026-01-14T12:59:58.787Z,010-20081219114010,0.163,0.001,0.073,0.237
2026-01-14T13:00:10.805Z,010-20081219114010,0.166,0.001,0.078,0.246
2026-01-14T13:00:22.834Z,010-20081219114010,0.161,0.001,0.072,0.234
2026-01-14T13:00:34.911Z,010-20081219114010,0.171,0.001,0.084,0.257
2026-01-14T13:00:47.033Z,010-20081219114010,0.160,0.001,0.072,0.233
2026-01-14T13:00:59.061Z,010-20081219114010,0.165,0.001,0.072,0.239
2026-01-14T13:01:11.105Z,010-20081219114010,0.178,0.001,0.073,0.253
2026-01-14T13:01:23.157Z,010-20081219114010,0.165,0.001,0.072,0.239
2026-01-14T13:01:35.226Z,010-20081219114010,0.174,0.001,0.078,0.253
2026-01-14T13:01:47.271Z,010-20081219114010,0.161,0.001,0.071,0.234
2026-01-14T13:01:59.308Z,010-20081219114010,0.167,0.001,0.072,0.241
2026-01-14T13:02:11.354Z,010-20081219114010,0.165,0.001,0.073,0.240
2026-01-14T13:02:23.387Z,010-20081219114010,0.165,0.001,0.072,0.239
2026-01-14T13:02:35.536Z,010-20081219114010,0.170,0.001,0.077,0.249
2026-01-14T13:02:47.595Z,010-20081219114010,0.164,0.001,0.073,0.239
2026-01-14T13:02:59.644Z,010-20081219114010,0.162,0.001,0.072,0.236
2026-01-14T13:03:11.693Z,010-20081219114010,0.163,0.001,0.076,0.241
2026-01-14T13:03:23.720Z,010-20081219114010,0.162,0.001,0.072,0.236
2026-01-14T13:03:35.904Z,010-20081219114010,0.170,0.001,0.075,0.248
2026-01-14T13:03:48.314Z,010-20081219114010,0.168,0.001,0.077,0.247
2026-01-14T13:04:00.354Z,010-20081219114010,0.163,0.001,0.073,0.238
2026-01-14T13:04:12.401Z,010-20081219114010,0.166,0.001,0.075,0.243
2026-01-14T13:04:24.434Z,010-20081219114010,0.165,0.001,0.075,0.241
2026-01-14T13:04:36.494Z,010-20081219114010,0.174,0.001,0.077,0.253
2026-01-14T13:04:48.551Z,010-20081219114010,0.163,0.001,0.077,0.242
2026-01-14T13:05:00.985Z,010-20081219114010,0.166,0.001,0.074,0.243
2026-01-14T13:05:13.029Z,010-20081219114010,0.167,0.001,0.078,0.246
2026-01-14T13:05:25.074Z,010-20081219114010,0.164,0.001,0.072,0.237
2026-01-14T13:05:37.140Z,010-20081219114010,0.173,0.001,0.081,0.255
2026-01-14T13:05:49.167Z,010-20081219114010,0.162,0.001,0.072,0.236
2026-01-14T13:06:01.290Z,010-20081219114010,0.171,0.001,0.076,0.249
2026-01-14T13:06:13.321Z,010-20081219114010,0.164,0.001,0.073,0.239
2026-01-14T13:06:25.363Z,010-20081219114010,0.165,0.001,0.073,0.240
2026-01-14T13:06:37.535Z,010-20081219114010,0.174,0.001,0.081,0.257
2026-01-14T13:06:49.580Z,010-20081219114010,0.159,0.001,0.071,0.232
2026-01-14T13:07:01.651Z,010-20081219114010,0.167,0.001,0.073,0.242
2026-01-14T13:07:13.721Z,010-20081219114010,0.165,0.001,0.074,0.241
2026-01-14T13:07:26.686Z,010-20081219114010,0.167,0.001,0.073,0.242
2026-01-14T13:07:38.757Z,010-20081219114010,0.170,0.001,0.074,0.245
2026-01-14T13:07:50.800Z,010-20081219114010,0.161,0.001,0.072,0.234
2026-01-14T13:08:02.847Z,010-20081219114010,0.168,0.001,0.073,0.242
2026-01-14T13:08:14.908Z,010-20081219114010,0.160,0.001,0.075,0.238
2026-01-14T13:08:26.978Z,010-20081219114010,0.164,0.001,0.073,0.238
2026-01-14T13:08:39.328Z,010-20081219114010,0.169,0.001,0.075,0.247
2026-01-14T13:08:52.544Z,010-20081219114010,0.165,0.001,0.071,0.237
2026-01-14T13:09:06.399Z,010-20081219114010,0.166,0.001,0.073,0.241
